<?xml version="1.0" encoding="UTF-8"?>
<!-- Generated by org.testng.reporters.JUnitReportReporter -->
<testsuite hostname="DESKTOP-KJ400B0" failures="0" tests="1" name="com.test.BikeServiceTest" time="0.001" errors="0" timestamp="2022-09-03T22:14:55 IST" skipped="0">
  <testcase classname="com.test.BikeServiceTest" name="bikeLoanTest" time="0.001"/>
  <system-out/>
</testsuite> <!-- com.test.BikeServiceTest -->
