<?xml version="1.0" encoding="UTF-8"?>
<!-- Generated by org.testng.reporters.JUnitReportReporter -->
<testsuite hostname="DESKTOP-KJ400B0" failures="0" tests="5" name="com.test.NewTest" time="0.008" errors="0" timestamp="2022-09-03T21:52:30 IST" skipped="0">
  <testcase classname="com.test.NewTest" name="e" time="0.001"/>
  <system-out/>
  <testcase classname="com.test.NewTest" name="c" time="0.006"/>
  <system-out/>
  <testcase classname="com.test.NewTest" name="d" time="0.000"/>
  <system-out/>
  <testcase classname="com.test.NewTest" name="a" time="0.000"/>
  <system-out/>
  <testcase classname="com.test.NewTest" name="b" time="0.001"/>
  <system-out/>
</testsuite> <!-- com.test.NewTest -->
