<?xml version="1.0" encoding="UTF-8"?>
<!-- Generated by org.testng.reporters.JUnitReportReporter -->
<testsuite hostname="DESKTOP-KJ400B0" failures="0" tests="1" name="com.test.CarServiceTest" time="0.006" errors="0" timestamp="2022-09-03T22:14:55 IST" skipped="0">
  <testcase classname="com.test.CarServiceTest" name="carLoanTest" time="0.006"/>
  <system-out/>
</testsuite> <!-- com.test.CarServiceTest -->
