<?xml version="1.0" encoding="UTF-8"?>
<!-- Generated by org.testng.reporters.JUnitReportReporter -->
<testsuite hostname="DESKTOP-KJ400B0" failures="0" tests="3" name="com.test.ProductServiceTest" time="0.002" errors="0" timestamp="2022-09-03T21:43:06 IST" skipped="0">
  <testcase classname="com.test.ProductServiceTest" name="getAllProductsTest" time="0.000"/>
  <system-out/>
  <testcase classname="com.test.ProductServiceTest" name="addProductTest" time="0.001"/>
  <system-out/>
  <testcase classname="com.test.ProductServiceTest" name="findProductTest" time="0.001"/>
  <system-out/>
</testsuite> <!-- com.test.ProductServiceTest -->
