<?xml version="1.0" encoding="UTF-8"?>
<!-- Generated by org.testng.reporters.JUnitReportReporter -->
<testsuite hostname="DESKTOP-KJ400B0" failures="0" tests="2" name="com.test.TestNGHook" time="0.004" errors="0" timestamp="2022-09-03T21:43:06 IST" skipped="0">
  <testcase classname="com.test.TestNGHook" name="firstTest" time="0.003"/>
  <system-out/>
  <testcase classname="com.test.TestNGHook" name="secondTest" time="0.001"/>
  <system-out/>
</testsuite> <!-- com.test.TestNGHook -->
