<?xml version="1.0" encoding="UTF-8"?>
<!-- Generated by org.testng.reporters.JUnitReportReporter -->
<testsuite hostname="DESKTOP-KJ400B0" failures="0" tests="5" name="com.test.EmployeeServiceTest" time="0.940" errors="0" timestamp="2022-09-04T20:24:39 IST" skipped="4">
  <testcase classname="com.test.EmployeeServiceTest" name="testFindEmployeeDetails" time="0.940"/>
  <system-out/>
  <testcase classname="com.test.EmployeeServiceTest" name="updateEmployeeSalary">
    <skipped/>
  </testcase> <!-- updateEmployeeSalary -->
  <system-out/>
  <testcase classname="com.test.EmployeeServiceTest" name="mockTestMethod">
    <skipped/>
  </testcase> <!-- mockTestMethod -->
  <system-out/>
  <testcase classname="com.test.EmployeeServiceTest" name="readMethodTest">
    <skipped/>
  </testcase> <!-- readMethodTest -->
  <system-out/>
  <testcase classname="com.test.EmployeeServiceTest" name="testAllEmployeeDetails">
    <skipped/>
  </testcase> <!-- testAllEmployeeDetails -->
  <system-out/>
</testsuite> <!-- com.test.EmployeeServiceTest -->
