<?xml version="1.0" encoding="UTF-8"?>
<!-- Generated by org.testng.reporters.JUnitReportReporter -->
<testsuite hostname="DESKTOP-KJ400B0" failures="0" tests="1" name="com.testing.DemoTest" time="2.458" errors="0" timestamp="2022-09-10T19:30:27 IST" skipped="0">
  <testcase classname="com.testing.DemoTest" name="indexPageTest" time="2.458"/>
  <system-out/>
</testsuite> <!-- com.testing.DemoTest -->
