<?xml version="1.0" encoding="UTF-8"?>
<!-- Generated by org.testng.reporters.JUnitReportReporter -->
<testsuite hostname="DESKTOP-KJ400B0" failures="0" tests="1" name="com.testing.DemoTest1" time="6.591" errors="0" timestamp="2022-09-10T20:36:07 IST" skipped="0">
  <testcase classname="com.testing.DemoTest1" name="googlePageTest" time="6.591"/>
  <system-out/>
</testsuite> <!-- com.testing.DemoTest1 -->
